<component name="libraryTable">
  <library name="junit:junit:4.12" type="repository">
    <properties maven-id="junit:junit:4.12" />
    <CLASSES>
      <root url="jar://$PROJECT_DIR$/lib/junit-4.12.jar!/" />
      <root url="jar://$PROJECT_DIR$/lib/hamcrest-core-1.3.jar!/" />
      <root url="jar://C:/Program Files/MySQL/Connector.J 5.1/mysql-connector-java-5.1.39-bin.jar!/" />
    </CLASSES>
    <JAVADOC />
    <SOURCES />
  </library>
</component>